#
# There is insufficient memory for the Java Runtime Environment to continue.
# Native memory allocation (mmap) failed to map 264241152 bytes for G1 virtual space
# Possible reasons:
#   The system is out of physical RAM or swap space
#   The process is running with CompressedOops enabled, and the Java Heap may be blocking the growth of the native heap
# Possible solutions:
#   Reduce memory load on the system
#   Increase physical memory or swap space
#   Check if swap backing store is full
#   Decrease Java heap size (-Xmx/-Xms)
#   Decrease number of Java threads
#   Decrease Java thread stack sizes (-Xss)
#   Set larger code cache with -XX:ReservedCodeCacheSize=
#   JVM is running with Zero Based Compressed Oops mode in which the Java heap is
#     placed in the first 32GB address space. The Java Heap base address is the
#     maximum limit for the native heap growth. Please use -XX:HeapBaseMinAddress
#     to set the Java Heap base and to place the Java Heap above 32GB virtual address.
# This output file may be truncated or incomplete.
#
#  Out of Memory Error (os_windows.cpp:3552), pid=512, tid=25248
#
# JRE version:  (17.0.9+11) (build )
# Java VM: Java HotSpot(TM) 64-Bit Server VM (17.0.9+11-LTS-201, mixed mode, sharing, tiered, compressed oops, compressed class ptrs, g1 gc, windows-amd64)
# No core dump will be written. Minidumps are not enabled by default on client versions of Windows
#

---------------  S U M M A R Y ------------

Command Line: -Dfile.encoding=UTF-8 --module-path=C:\DuAn1\Pro1041\Clotify\build\classes;C:\Program Files\NetBeans-17\netbeans\java\modules\ext\AbsoluteLayout.jar gui.admin.Main_admin

Host: 11th Gen Intel(R) Core(TM) i5-11320H @ 3.20GHz, 8 cores, 15G,  Windows 11 , 64 bit Build 22621 (10.0.22621.3235)
Time: Fri Mar 22 00:49:08 2024 SE Asia Standard Time elapsed time: 0.016309 seconds (0d 0h 0m 0s)

---------------  T H R E A D  ---------------

Current thread (0x00000257b8255c40):  JavaThread "Unknown thread" [_thread_in_vm, id=25248, stack(0x000000c488600000,0x000000c488700000)]

Stack: [0x000000c488600000,0x000000c488700000]
Native frames: (J=compiled Java code, j=interpreted, Vv=VM code, C=native code)
V  [jvm.dll+0x678a4a]
V  [jvm.dll+0x7d9cfd]
V  [jvm.dll+0x7db60e]
V  [jvm.dll+0x7dbc73]
V  [jvm.dll+0x245e1f]
V  [jvm.dll+0x6758f9]
V  [jvm.dll+0x66a2a2]
V  [jvm.dll+0x303686]
V  [jvm.dll+0x30ac06]
V  [jvm.dll+0x35a48e]
V  [jvm.dll+0x35a6bf]
V  [jvm.dll+0x2da678]
V  [jvm.dll+0x2db5e4]
V  [jvm.dll+0x7ab6b1]
V  [jvm.dll+0x368041]
V  [jvm.dll+0x78a749]
V  [jvm.dll+0x3ebd4f]
V  [jvm.dll+0x3ed7d1]
C  [jli.dll+0x5297]
C  [ucrtbase.dll+0x29363]
C  [KERNEL32.DLL+0x1257d]
C  [ntdll.dll+0x5aa58]


---------------  P R O C E S S  ---------------

Threads class SMR info:
_java_thread_list=0x00007ffd70ad89d8, length=0, elements={
}

Java Threads: ( => current thread )

Other Threads:
  0x00000257b82bd740 GCTaskThread "GC Thread#0" [stack: 0x000000c488700000,0x000000c488800000] [id=1192]
  0x00000257b82ce290 ConcurrentGCThread "G1 Main Marker" [stack: 0x000000c488800000,0x000000c488900000] [id=9940]
  0x00000257b82ceca0 ConcurrentGCThread "G1 Conc#0" [stack: 0x000000c488900000,0x000000c488a00000] [id=14528]

[error occurred during error reporting (printing all threads), id 0xc0000005, EXCEPTION_ACCESS_VIOLATION (0xc0000005) at pc=0x00007ffd7030b2d7]

VM state: not at safepoint (not fully initialized)

VM Mutex/Monitor currently owned by a thread:  ([mutex/lock_event])
[0x00000257b82518d0] Heap_lock - owner thread: 0x00000257b8255c40

Heap address: 0x0000000704000000, size: 4032 MB, Compressed Oops mode: Zero based, Oop shift amount: 3

CDS archive(s) mapped at: [0x0000000000000000-0x0000000000000000-0x0000000000000000), size 0, SharedBaseAddress: 0x0000000800000000, ArchiveRelocationMode: 1.
Narrow klass base: 0x0000000000000000, Narrow klass shift: 0, Narrow klass range: 0x0

GC Precious Log:
<Empty>

Heap:
 garbage-first heap   total 0K, used 0K [0x0000000704000000, 0x0000000800000000)
  region size 2048K, 0 young (0K), 0 survivors (0K)

[error occurred during error reporting (printing heap information), id 0xc0000005, EXCEPTION_ACCESS_VIOLATION (0xc0000005) at pc=0x00007ffd706f2229]

GC Heap History (0 events):
No events

Deoptimization events (0 events):
No events

Classes unloaded (0 events):
No events

Classes redefined (0 events):
No events

Internal exceptions (0 events):
No events

VM Operations (0 events):
No events

Events (1 events):
Event: 0.009 Loaded shared library C:\Program Files\Java\jdk-17\bin\java.dll


Dynamic libraries:
0x00007ff65c870000 - 0x00007ff65c880000 	C:\Program Files\Java\jdk-17\bin\java.exe
0x00007ffde8110000 - 0x00007ffde8326000 	C:\WINDOWS\SYSTEM32\ntdll.dll
0x00007ffde62d0000 - 0x00007ffde6394000 	C:\WINDOWS\System32\KERNEL32.DLL
0x00007ffde5a30000 - 0x00007ffde5dd6000 	C:\WINDOWS\System32\KERNELBASE.dll
0x00007ffde5910000 - 0x00007ffde5a21000 	C:\WINDOWS\System32\ucrtbase.dll
0x00007ffdd7860000 - 0x00007ffdd787b000 	C:\Program Files\Java\jdk-17\bin\VCRUNTIME140.dll
0x00007ffdd4e90000 - 0x00007ffdd4ea9000 	C:\Program Files\Java\jdk-17\bin\jli.dll
0x00007ffde7ae0000 - 0x00007ffde7b92000 	C:\WINDOWS\System32\ADVAPI32.dll
0x00007ffde7d60000 - 0x00007ffde7e07000 	C:\WINDOWS\System32\msvcrt.dll
0x00007ffde7180000 - 0x00007ffde7228000 	C:\WINDOWS\System32\sechost.dll
0x00007ffde5710000 - 0x00007ffde5738000 	C:\WINDOWS\System32\bcrypt.dll
0x00007ffde6d10000 - 0x00007ffde6e25000 	C:\WINDOWS\System32\RPCRT4.dll
0x00007ffde6fd0000 - 0x00007ffde717d000 	C:\WINDOWS\System32\USER32.dll
0x00007ffde5570000 - 0x00007ffde5596000 	C:\WINDOWS\System32\win32u.dll
0x00007ffdd9390000 - 0x00007ffdd9623000 	C:\WINDOWS\WinSxS\amd64_microsoft.windows.common-controls_6595b64144ccf1df_6.0.22621.3235_none_270f74e173860f98\COMCTL32.dll
0x00007ffde62a0000 - 0x00007ffde62c9000 	C:\WINDOWS\System32\GDI32.dll
0x00007ffde5450000 - 0x00007ffde5568000 	C:\WINDOWS\System32\gdi32full.dll
0x00007ffde5740000 - 0x00007ffde57da000 	C:\WINDOWS\System32\msvcp_win.dll
0x00007ffddd930000 - 0x00007ffddd93a000 	C:\WINDOWS\SYSTEM32\VERSION.dll
0x00007ffde7e10000 - 0x00007ffde7e41000 	C:\WINDOWS\System32\IMM32.DLL
0x00007ffdd7ab0000 - 0x00007ffdd7abc000 	C:\Program Files\Java\jdk-17\bin\vcruntime140_1.dll
0x00007ffd9acc0000 - 0x00007ffd9ad4e000 	C:\Program Files\Java\jdk-17\bin\msvcp140.dll
0x00007ffd70020000 - 0x00007ffd70c01000 	C:\Program Files\Java\jdk-17\bin\server\jvm.dll
0x00007ffde7ba0000 - 0x00007ffde7ba8000 	C:\WINDOWS\System32\PSAPI.DLL
0x00007ffdd9a20000 - 0x00007ffdd9a29000 	C:\WINDOWS\SYSTEM32\WSOCK32.dll
0x00007ffde7cd0000 - 0x00007ffde7d41000 	C:\WINDOWS\System32\WS2_32.dll
0x00007ffde2eb0000 - 0x00007ffde2ee4000 	C:\WINDOWS\SYSTEM32\WINMM.dll
0x00007ffde4490000 - 0x00007ffde44a8000 	C:\WINDOWS\SYSTEM32\kernel.appcore.dll
0x00007ffdd75f0000 - 0x00007ffdd75fa000 	C:\Program Files\Java\jdk-17\bin\jimage.dll
0x00007ffde2c30000 - 0x00007ffde2e63000 	C:\WINDOWS\SYSTEM32\DBGHELP.DLL
0x00007ffde63a0000 - 0x00007ffde6728000 	C:\WINDOWS\System32\combase.dll
0x00007ffde5f10000 - 0x00007ffde5fe7000 	C:\WINDOWS\System32\OLEAUT32.dll
0x00007ffde2bf0000 - 0x00007ffde2c22000 	C:\WINDOWS\SYSTEM32\dbgcore.DLL
0x00007ffde5de0000 - 0x00007ffde5e5a000 	C:\WINDOWS\System32\bcryptPrimitives.dll
0x00007ffda3a80000 - 0x00007ffda3aa5000 	C:\Program Files\Java\jdk-17\bin\java.dll

dbghelp: loaded successfully - version: 4.0.5 - missing functions: none
symbol engine: initialized successfully - sym options: 0x614 - pdb path: .;C:\Program Files\Java\jdk-17\bin;C:\WINDOWS\SYSTEM32;C:\WINDOWS\WinSxS\amd64_microsoft.windows.common-controls_6595b64144ccf1df_6.0.22621.3235_none_270f74e173860f98;C:\Program Files\Java\jdk-17\bin\server

VM Arguments:
jvm_args: -Dfile.encoding=UTF-8 --module-path=C:\DuAn1\Pro1041\Clotify\build\classes;C:\Program Files\NetBeans-17\netbeans\java\modules\ext\AbsoluteLayout.jar 
java_command: gui.admin.Main_admin
java_class_path (initial): C:\DuAn1\Pro1041\all libary jar\KGradientPanel.jar;C:\DuAn1\Pro1041\all libary jar\activation-1.1.jar;C:\DuAn1\Pro1041\all libary jar\flatlaf-demo-3.2.5.jar;C:\DuAn1\Pro1041\all libary jar\javax.mail-1.6.1.jar;C:\DuAn1\Pro1041\all libary jar\jcalendar-1.4.jar;C:\DuAn1\Pro1041\all libary jar\mssql-jdbc-7.2.2.jre8.jar;C:\Program Files\NetBeans-17\netbeans\java\modules\ext\AbsoluteLayout.jar;C:\DuAn1\Pro1041\Clotify\build\classes
Launcher Type: SUN_STANDARD

[Global flags]
     intx CICompilerCount                          = 4                                         {product} {ergonomic}
     uint ConcGCThreads                            = 2                                         {product} {ergonomic}
     uint G1ConcRefinementThreads                  = 8                                         {product} {ergonomic}
   size_t G1HeapRegionSize                         = 2097152                                   {product} {ergonomic}
    uintx GCDrainStackTargetSize                   = 64                                        {product} {ergonomic}
   size_t InitialHeapSize                          = 264241152                                 {product} {ergonomic}
   size_t MarkStackSize                            = 4194304                                   {product} {ergonomic}
   size_t MaxHeapSize                              = 4227858432                                {product} {ergonomic}
   size_t MinHeapDeltaBytes                        = 2097152                                   {product} {ergonomic}
   size_t MinHeapSize                              = 8388608                                   {product} {ergonomic}
    uintx NonNMethodCodeHeapSize                   = 5839372                                {pd product} {ergonomic}
    uintx NonProfiledCodeHeapSize                  = 122909434                              {pd product} {ergonomic}
    uintx ProfiledCodeHeapSize                     = 122909434                              {pd product} {ergonomic}
    uintx ReservedCodeCacheSize                    = 251658240                              {pd product} {ergonomic}
     bool SegmentedCodeCache                       = true                                      {product} {ergonomic}
   size_t SoftMaxHeapSize                          = 4227858432                             {manageable} {ergonomic}
     bool UseCompressedClassPointers               = true                           {product lp64_product} {ergonomic}
     bool UseCompressedOops                        = true                           {product lp64_product} {ergonomic}
     bool UseG1GC                                  = true                                      {product} {ergonomic}
     bool UseLargePagesIndividualAllocation        = false                                  {pd product} {ergonomic}

Logging:
Log output configuration:
 #0: stdout all=warning uptime,level,tags
 #1: stderr all=off uptime,level,tags

Environment Variables:
PATH=C:\Program Files\Common Files\Oracle\Java\javapath;C:\WINDOWS\system32;C:\WINDOWS;C:\WINDOWS\System32\Wbem;C:\WINDOWS\System32\WindowsPowerShell\v1.0\;C:\WINDOWS\System32\OpenSSH\;C:\Program Files\dotnet\;C:\Program Files\Azure Data Studio\bin;C:\Program Files (x86)\Microsoft SQL Server\160\DTS\Binn\;C:\Program Files (x86)\Microsoft SQL Server\150\Tools\Binn\;C:\Program Files\Microsoft SQL Server\150\Tools\Binn\;C:\Program Files (x86)\Microsoft SQL Server\150\DTS\Binn\;C:\Program Files\Microsoft SQL Server\150\DTS\Binn\;C:\Program Files\Microsoft SQL Server\Client SDK\ODBC\170\Tools\Binn\;C:\Program Files\Git\cmd;C:\Users\Dell\AppData\Local\Microsoft\WindowsApps;C:\Users\Dell\AppData\Local\Programs\Microsoft VS Code\bin;C:\Program Files\Azure Data Studio\bin;C:\Users\Dell\AppData\Local\GitHubDesktop\bin
USERNAME=Dell
OS=Windows_NT
PROCESSOR_IDENTIFIER=Intel64 Family 6 Model 140 Stepping 2, GenuineIntel



---------------  S Y S T E M  ---------------

OS:
 Windows 11 , 64 bit Build 22621 (10.0.22621.3235)
OS uptime: 5 days 1:56 hours

CPU: total 8 (initial active 8) (4 cores per cpu, 2 threads per core) family 6 model 140 stepping 2 microcode 0x16, cx8, cmov, fxsr, ht, mmx, 3dnowpref, sse, sse2, sse3, ssse3, sse4.1, sse4.2, popcnt, lzcnt, tsc, tscinvbit, avx, avx2, aes, erms, clmul, bmi1, bmi2, adx, avx512f, avx512dq, avx512cd, avx512bw, avx512vl, sha, fma, vzeroupper, avx512_vpopcntdq, avx512_vpclmulqdq, avx512_vaes, avx512_vnni, clflush, clflushopt, clwb, avx512_vbmi2, avx512_vbmi

Memory: 4k page, system-wide physical 16126M (562M free)
TotalPageFile size 49945M (AvailPageFile size 80M)
current process WorkingSet (physical memory assigned to process): 11M, peak: 11M
current process commit charge ("private bytes"): 60M, peak: 312M

vm_info: Java HotSpot(TM) 64-Bit Server VM (17.0.9+11-LTS-201) for windows-amd64 JRE (17.0.9+11-LTS-201), built on Oct 10 2023 23:16:06 by "mach5one" with MS VC++ 17.1 (VS2022)

END.
